[ Latency breakdown ]
     0(us)=ETE_PUT_OBJECT
     0(us)=BR_PUT_OBJECT_BEGIN
     0(us)=BR_PUT_OBJECT_ENCODE
     0(us)=BR_PUT_OBJECT_WRITE
     0(us)=BR_PUT_OBJECT_ENCODE_AND_WRITE
     0(us)=BR_PUT_OBJECT_COMMIT_PREPARE
     0(us)=BR_PUT_OBJECT_COMMIT
     0(us)=BR_REMOTE_WRITE
     0(us)=BR_REMOTE_WRITE_RPC
     0(us)=BR_REMOTE_WRITE_IO
     0(us)=BR_REMOTE_WRITE_CACHE
     0(us)=BR_REMOTE_WRITE_GET_SLAB
     0(us)=BR_CREATE_FILE_LOCAL
     0(us)=BR_CREATE_FILE_REMOTE
     0(us)=ETE_GET_OBJECT
     0(us)=BR_GET_OBJECT_GET_METADATA
     0(us)=BR_GET_OBJECT_READ_DATA
     0(us)=BR_GET_OBJECT_DECODE_DATA
     0(us)=BR_REMOTE_READ
     0(us)=BR_REMOTE_READ_RPC
     0(us)=BR_REMOTE_READ_IO
     0(us)=BR_REMOTE_READ_CACHE
     0(us)=BR_REMOTE_METADATA_READ
     0(us)=BR_REMOTE_METADATA_READ_RPC
     0(us)=BR_REMOTE_METADATA_READ_IO
     0(us)=BR_REMOTE_METADATA_READ_CACHE
     0(us)=BR_REMOTE_METADATA_READ_SERVER
     0(us)=BR_RENAMEDATA_LOCAL
     0(us)=BR_RENAMEDATA_REMOTE
     0(us)=BR_RENAMEDATA_CACHE
     0(us)=BR_RENAMEDATA_CLIENT_SLAB
     0(us)=BR_RENAMEDATA_SERVER
     0(us)=BR_RENAMEDATA_SERVER_FORM
     0(us)=BR_RENAMEDATA_SERVER_SLAB
     0(us)=BR_RENAMEDATA_SERVER_CACHE
     0(us)=BR_RENAMEDATA_SERVER_RENAMEDATA
